<?xml version="1.0" encoding="UTF-8"?>
<testng-results ignored="0" total="1" passed="1" failed="0" skipped="0">
  <reporter-output>
  </reporter-output>
  <suite started-at="2023-07-05T15:11:14 IST" name="Default suite" finished-at="2023-07-05T15:11:45 IST" duration-ms="30505">
    <groups>
    </groups>
    <test started-at="2023-07-05T15:11:14 IST" name="Default test" finished-at="2023-07-05T15:11:45 IST" duration-ms="30505">
      <class name="Testscenarios.RegisterTest">
        <test-method is-config="true" signature="beforetest()[pri:0, instance:Testscenarios.RegisterTest@1ffaf86]" started-at="2023-07-05T15:11:14 IST" name="beforetest" finished-at="2023-07-05T15:11:36 IST" duration-ms="21747" status="PASS">
          <reporter-output>
          </reporter-output>
        </test-method> <!-- beforetest -->
        <test-method signature="reg_process()[pri:0, instance:Testscenarios.RegisterTest@1ffaf86]" started-at="2023-07-05T15:11:36 IST" name="reg_process" finished-at="2023-07-05T15:11:44 IST" duration-ms="8060" status="PASS">
          <reporter-output>
          </reporter-output>
        </test-method> <!-- reg_process -->
        <test-method is-config="true" signature="afterrtest()[pri:0, instance:Testscenarios.RegisterTest@1ffaf86]" started-at="2023-07-05T15:11:44 IST" name="afterrtest" finished-at="2023-07-05T15:11:45 IST" duration-ms="553" status="PASS">
          <reporter-output>
          </reporter-output>
        </test-method> <!-- afterrtest -->
      </class> <!-- Testscenarios.RegisterTest -->
    </test> <!-- Default test -->
  </suite> <!-- Default suite -->
</testng-results>
