<?xml version="1.0" encoding="UTF-8"?>
<!-- Generated by org.testng.reporters.JUnitXMLReporter -->
<testsuite ignored="0" hostname="DESKTOP-56J5GQU" failures="0" tests="4" name="login testcases" time="28.593" errors="0" timestamp="2022-08-02T15:19:02 IST">
  <testcase classname="logintestcases.bothcorrect" name="loginwithbothcorrect" time="9.069"/>
  <testcase classname="logintestcases.Bothincorrect" name="loginbothincorrect" time="5.956"/>
  <testcase classname="logintestcases.Correctpassword" name="loginwithcorrectpassword" time="6.14"/>
  <testcase classname="logintestcases.correctusername" name="loginwithcorrectusername" time="7.37"/>
</testsuite> <!-- login testcases -->
